<?xml version="1.0" encoding="UTF-8"?>
<!-- Generated by org.testng.reporters.JUnitReportReporter -->
<testsuite skipped="0" hostname="gem-PC" name="integrationtesting.integration2.TestNG_GroupingTest" tests="4" failures="0" timestamp="13 Sep 2018 17:47:26 GMT" time="0.033" errors="0">
  <testcase name="AudiA6" time="0.007" classname="integrationtesting.integration2.TestNG_GroupingTest"/>
  <testcase name="BMW3Series" time="0.003" classname="integrationtesting.integration2.TestNG_GroupingTest"/>
  <testcase name="BMWX3" time="0.017" classname="integrationtesting.integration2.TestNG_GroupingTest"/>
  <testcase name="HondaAccord" time="0.006" classname="integrationtesting.integration2.TestNG_GroupingTest"/>
</testsuite> <!-- integrationtesting.integration2.TestNG_GroupingTest -->
